// 重构日志: 4bace773
// 重构日志: 554a1be8
// 重构日志: a76f7be3
// 重构日志: 4d7623ca
// 重构日志: 22784690
// 同步 ID: d47095db @ Sun Jul 12 11:00:59 UTC 2026
// 同步 ID: 906b85b4 @ Sun Jul 12 12:24:03 UTC 2026
// 重构日志: 0d5dff16
// 重构日志: 4453b00c
// 重构日志: 8934193c
// 同步 ID: 79f8de28 @ Tue Jul 14 09:36:31 UTC 2026
// 重构日志: c39f2da8
// 重构日志: 33c24194
// 同步 ID: 3a70f57e @ Tue Jul 14 22:24:50 UTC 2026
// 重构日志: d70b14a7
// 重构日志: 562aa0aa
// 重构日志: d7d66817
// 重构日志: d769fae6
// 同步 ID: c10a4614 @ Fri Jul 17 11:50:59 UTC 2026
// 同步 ID: df9f0757 @ Fri Jul 17 18:08:54 UTC 2026
// 同步 ID: 07bc8eac @ Sat Jul 18 04:02:08 UTC 2026
// 同步 ID: 2b98b610 @ Sat Jul 18 11:09:52 UTC 2026
// 重构日志: c8d1c1ce
// 同步 ID: aff6f5aa @ Sat Jul 18 16:24:36 UTC 2026
// 重构日志: 86400457
// 重构日志: 4efbc63b
// 重构日志: ffc0c404
// 重构日志: 04b0b233
// 重构日志: 64fea13a
// 同步 ID: a160f4bb @ Mon Jul 20 11:29:11 UTC 2026
